Build started 9/8/2017 2:44:08 PM.
     1>Project "C:\storageApi\windows\fog_storage\fog_storage.vcxproj" on node 2 (build target(s)).
     1>InitializeBuildStatus:
         Creating "x64\Debug\fog_storage.unsuccessfulbuild" because "AlwaysCreate" was specified.
       ClCompile:
         All outputs are up-to-date.
       ManifestResourceCompile:
         All outputs are up-to-date.
       Link:
         C:\Program Files (x86)\Microsoft Visual Studio 10.0\VC\bin\x86_amd64\link.exe /ERRORREPORT:PROMPT /OUT:"C:\storageApi\windows\fog_storage\x64\Debug\fog_storage.exe" /INCREMENTAL /NOLOGO libpq.lib kernel32.lib user32.lib gdi32.lib winspool.lib comdlg32.lib advapi32.lib shell32.lib ole32.lib oleaut32.lib uuid.lib odbc32.lib odbccp32.lib /MANIFEST /ManifestFile:"x64\Debug\fog_storage.exe.intermediate.manifest" /MANIFESTUAC:"level='asInvoker' uiAccess='false'" /DEBUG /PDB:"C:\storageApi\windows\fog_storage\x64\Debug\fog_storage.pdb" /SUBSYSTEM:CONSOLE /TLBID:1 /DYNAMICBASE /NXCOMPAT /IMPLIB:"C:\storageApi\windows\fog_storage\x64\Debug\fog_storage.lib" /MACHINE:X64 x64\Debug\fog_storage.exe.embed.manifest.res
         x64\Debug\postgres_connect.obj
         x64\Debug\storage_api.obj
         x64\Debug\storage_mapper.obj
         LINK : C:\storageApi\windows\fog_storage\x64\Debug\fog_storage.exe not found or not built by the last incremental link; performing full link
         fog_storage.vcxproj -> C:\storageApi\windows\fog_storage\x64\Debug\fog_storage.exe
       Manifest:
         C:\Program Files (x86)\Microsoft SDKs\Windows\v7.0A\bin\mt.exe /nologo /verbose /out:"x64\Debug\fog_storage.exe.embed.manifest" /manifest x64\Debug\fog_storage.exe.intermediate.manifest
         All outputs are up-to-date.
       LinkEmbedManifest:
         All outputs are up-to-date.
         fog_storage.vcxproj -> C:\storageApi\windows\fog_storage\x64\Debug\fog_storage.exe
       FinalizeBuildStatus:
         Deleting file "x64\Debug\fog_storage.unsuccessfulbuild".
         Touching "x64\Debug\fog_storage.lastbuildstate".
     1>Done Building Project "C:\storageApi\windows\fog_storage\fog_storage.vcxproj" (build target(s)).

Build succeeded.

Time Elapsed 00:00:00.97
