C:\storageApi\windows\fog_storage\x64\Debug\cl.command.1.tlog
C:\storageApi\windows\fog_storage\x64\Debug\CL.read.1.tlog
C:\storageApi\windows\fog_storage\x64\Debug\CL.write.1.tlog
C:\STORAGEAPI\WINDOWS\FOG_STORAGE\X64\DEBUG\FOG_STORAGE.EXE
C:\STORAGEAPI\WINDOWS\FOG_STORAGE\X64\DEBUG\FOG_STORAGE.EXE.EMBED.MANIFEST
C:\STORAGEAPI\WINDOWS\FOG_STORAGE\X64\DEBUG\FOG_STORAGE.EXE.EMBED.MANIFEST.RES
C:\STORAGEAPI\WINDOWS\FOG_STORAGE\X64\DEBUG\FOG_STORAGE.EXE.INTERMEDIATE.MANIFEST
C:\STORAGEAPI\WINDOWS\FOG_STORAGE\X64\DEBUG\FOG_STORAGE.ILK
C:\STORAGEAPI\WINDOWS\FOG_STORAGE\X64\DEBUG\FOG_STORAGE.PDB
C:\storageApi\windows\fog_storage\x64\Debug\fog_storage.vcxprojResolveAssemblyReference.cache
C:\storageApi\windows\fog_storage\x64\Debug\fog_storage.write.1.tlog
C:\storageApi\windows\fog_storage\x64\Debug\fog_storage_manifest.rc
C:\storageApi\windows\fog_storage\x64\Debug\link.10020.read.1.tlog
C:\storageApi\windows\fog_storage\x64\Debug\link.10020.write.1.tlog
C:\storageApi\windows\fog_storage\x64\Debug\link.10020-cvtres.read.1.tlog
C:\storageApi\windows\fog_storage\x64\Debug\link.10020-cvtres.write.1.tlog
C:\storageApi\windows\fog_storage\x64\Debug\link.10084.read.1.tlog
C:\storageApi\windows\fog_storage\x64\Debug\link.10084.write.1.tlog
C:\storageApi\windows\fog_storage\x64\Debug\link.10084-cvtres.read.1.tlog
C:\storageApi\windows\fog_storage\x64\Debug\link.10084-cvtres.write.1.tlog
C:\storageApi\windows\fog_storage\x64\Debug\link.12656.read.1.tlog
C:\storageApi\windows\fog_storage\x64\Debug\link.12656.write.1.tlog
C:\storageApi\windows\fog_storage\x64\Debug\link.12656-cvtres.read.1.tlog
C:\storageApi\windows\fog_storage\x64\Debug\link.12656-cvtres.write.1.tlog
C:\storageApi\windows\fog_storage\x64\Debug\link.13344.read.1.tlog
C:\storageApi\windows\fog_storage\x64\Debug\link.13344.write.1.tlog
C:\storageApi\windows\fog_storage\x64\Debug\link.13344-cvtres.read.1.tlog
C:\storageApi\windows\fog_storage\x64\Debug\link.13344-cvtres.write.1.tlog
C:\storageApi\windows\fog_storage\x64\Debug\link.5968.read.1.tlog
C:\storageApi\windows\fog_storage\x64\Debug\link.5968.write.1.tlog
C:\storageApi\windows\fog_storage\x64\Debug\link.5968-cvtres.read.1.tlog
C:\storageApi\windows\fog_storage\x64\Debug\link.5968-cvtres.write.1.tlog
C:\storageApi\windows\fog_storage\x64\Debug\link.8008.read.1.tlog
C:\storageApi\windows\fog_storage\x64\Debug\link.8008.write.1.tlog
C:\storageApi\windows\fog_storage\x64\Debug\link.8008-cvtres.read.1.tlog
C:\storageApi\windows\fog_storage\x64\Debug\link.8008-cvtres.write.1.tlog
C:\storageApi\windows\fog_storage\x64\Debug\link.9324.read.1.tlog
C:\storageApi\windows\fog_storage\x64\Debug\link.9324.write.1.tlog
C:\storageApi\windows\fog_storage\x64\Debug\link.9324-cvtres.read.1.tlog
C:\storageApi\windows\fog_storage\x64\Debug\link.9324-cvtres.write.1.tlog
C:\storageApi\windows\fog_storage\x64\Debug\link.9992.read.1.tlog
C:\storageApi\windows\fog_storage\x64\Debug\link.9992.write.1.tlog
C:\storageApi\windows\fog_storage\x64\Debug\link.9992-cvtres.read.1.tlog
C:\storageApi\windows\fog_storage\x64\Debug\link.9992-cvtres.write.1.tlog
C:\storageApi\windows\fog_storage\x64\Debug\link.command.1.tlog
C:\storageApi\windows\fog_storage\x64\Debug\link.read.1.tlog
C:\storageApi\windows\fog_storage\x64\Debug\link.write.1.tlog
C:\storageApi\windows\fog_storage\x64\Debug\link-cvtres.read.1.tlog
C:\storageApi\windows\fog_storage\x64\Debug\link-cvtres.write.1.tlog
C:\storageApi\windows\fog_storage\x64\Debug\mt.command.1.tlog
C:\storageApi\windows\fog_storage\x64\Debug\mt.read.1.tlog
C:\storageApi\windows\fog_storage\x64\Debug\mt.write.1.tlog
C:\STORAGEAPI\WINDOWS\FOG_STORAGE\X64\DEBUG\POSTGRES_CONNECT.OBJ
C:\storageApi\windows\fog_storage\x64\Debug\rc.command.1.tlog
C:\storageApi\windows\fog_storage\x64\Debug\rc.read.1.tlog
C:\storageApi\windows\fog_storage\x64\Debug\rc.write.1.tlog
C:\STORAGEAPI\WINDOWS\FOG_STORAGE\X64\DEBUG\STORAGE_API.OBJ
C:\STORAGEAPI\WINDOWS\FOG_STORAGE\X64\DEBUG\STORAGE_MAPPER.OBJ
C:\storageApi\windows\fog_storage\x64\Debug\vc100.idb
C:\STORAGEAPI\WINDOWS\FOG_STORAGE\X64\DEBUG\VC100.PDB
